[1209/161955.261:ERROR:process_reader_win.cc(151)] SuspendThread: Access is denied. (0x5)
[1209/161955.272:ERROR:process_reader_win.cc(151)] SuspendThread: Access is denied. (0x5)
[1209/161955.272:ERROR:process_reader_win.cc(123)] NtOpenThread: {Access Denied} A process has requested access to an object, but has not been granted those access rights.  (0xc0000022)
[1209/161955.300:ERROR:exception_snapshot_win.cc(87)] thread ID 7580 not found in process
[1209/161955.300:WARNING:crash_report_exception_handler.cc(62)] ProcessSnapshotWin::Initialize failed
[1209/165418.749:ERROR:process_reader_win.cc(123)] NtOpenThread: {Access Denied} A process has requested access to an object, but has not been granted those access rights.  (0xc0000022)
[1209/165418.760:ERROR:exception_snapshot_win.cc(87)] thread ID 11160 not found in process
[1209/165418.760:WARNING:crash_report_exception_handler.cc(62)] ProcessSnapshotWin::Initialize failed
[1209/171038.915:ERROR:process_reader_win.cc(123)] NtOpenThread: {Access Denied} A process has requested access to an object, but has not been granted those access rights.  (0xc0000022)
[1209/171038.917:ERROR:exception_snapshot_win.cc(87)] thread ID 8600 not found in process
[1209/171038.917:WARNING:crash_report_exception_handler.cc(62)] ProcessSnapshotWin::Initialize failed
[0111/114040.568:ERROR:process_reader_win.cc(151)] SuspendThread: Access is denied. (0x5)
[0111/114040.571:ERROR:exception_snapshot_win.cc(87)] thread ID 23476 not found in process
[0111/114040.571:WARNING:crash_report_exception_handler.cc(62)] ProcessSnapshotWin::Initialize failed
[0126/212050.027:ERROR:process_info.cc(350)] VirtualQueryEx: Access is denied. (0x5)
[0126/212050.030:ERROR:process_info.cc(571)] ReadMemoryInfo failed
[0126/212050.035:ERROR:process_reader_win.cc(151)] SuspendThread: Access is denied. (0x5)
[0126/212050.035:ERROR:exception_snapshot_win.cc(87)] thread ID 100 not found in process
[0126/212050.035:WARNING:crash_report_exception_handler.cc(62)] ProcessSnapshotWin::Initialize failed
[0126/212050.035:ERROR:scoped_process_suspend.cc(39)] NtResumeProcess: An attempt was made to access an exiting process.  (0xc000010a)
[0204/123429.931:ERROR:process_info.cc(632)] range at 0xe6fe820e00000000, size 0x206 fully unreadable
[0204/123429.932:ERROR:process_info.cc(632)] range at 0xe6fe827000000000, size 0x206 fully unreadable
[0204/123429.932:ERROR:process_info.cc(632)] range at 0x0, size 0x206 fully unreadable
[0204/123429.944:ERROR:process_info.cc(380)] UncheckedAllocate
[0204/123430.040:ERROR:process_info.cc(632)] range at 0xb826820e00000000, size 0x217 fully unreadable
[0204/123430.040:ERROR:process_info.cc(632)] range at 0xb826827000000000, size 0x217 fully unreadable
[0204/123430.040:ERROR:process_info.cc(632)] range at 0x0, size 0x217 fully unreadable
[0206/222256.396:ERROR:process_info.cc(632)] range at 0xa4bc7caa00000000, size 0x1fd fully unreadable
[0206/222256.397:ERROR:process_info.cc(632)] range at 0xa4bc7cca00000000, size 0x1fd fully unreadable
[0206/222256.397:ERROR:process_info.cc(632)] range at 0xa4bc7ccc00000000, size 0x1fd fully unreadable
[0206/222257.044:ERROR:process_info.cc(632)] range at 0xa557826a00000000, size 0x1f6 fully unreadable
[0206/222257.044:ERROR:process_info.cc(632)] range at 0xa55782cc00000000, size 0x1f6 fully unreadable
[0206/222257.044:ERROR:process_info.cc(632)] range at 0x0, size 0x1f6 fully unreadable
[0207/102201.950:ERROR:process_info.cc(632)] range at 0xb9d17caa00000000, size 0x172 fully unreadable
[0207/102201.950:ERROR:process_info.cc(632)] range at 0xb9d17cca00000000, size 0x172 fully unreadable
[0207/102201.951:ERROR:process_info.cc(632)] range at 0xb9d17ccc00000000, size 0x172 fully unreadable
[0207/102202.098:ERROR:process_info.cc(632)] range at 0xd397826600000000, size 0x1c3 fully unreadable
[0207/102202.099:ERROR:process_info.cc(632)] range at 0xd39782c800000000, size 0x1c3 fully unreadable
[0207/102202.099:ERROR:process_info.cc(632)] range at 0x0, size 0x1c3 fully unreadable
[0207/102202.248:ERROR:process_reader_win.cc(242)] ReadMemory at 0x33b55ed000 of 77824 bytes failed: Only part of a ReadProcessMemory or WriteProcessMemory request was completed. (0x12B)
[0207/102202.252:ERROR:crash_report_exception_handler.cc(116)] WriteEverything failed
[0207/102202.267:ERROR:scoped_process_suspend.cc(39)] NtResumeProcess: An attempt was made to access an exiting process.  (0xc000010a)
[0219/142105.164:ERROR:process_info.cc(632)] range at 0x9a1a3d8c00000000, size 0x1ab fully unreadable
[0219/142105.165:ERROR:process_info.cc(632)] range at 0x9a1a3dee00000000, size 0x1ab fully unreadable
[0219/142105.165:ERROR:process_info.cc(632)] range at 0x0, size 0x1ab fully unreadable
[0219/142105.211:ERROR:process_info.cc(380)] UncheckedAllocate
[0412/213034.269:ERROR:process_info.cc(359)] UncheckedAllocate
[0413/110131.048:ERROR:process_info.cc(359)] UncheckedAllocate
[0413/110131.645:ERROR:process_info.cc(329)] VirtualQueryEx: Access is denied. (0x5)
[0413/110131.645:ERROR:process_info.cc(550)] ReadMemoryInfo failed
[0413/110131.648:ERROR:process_reader_win.cc(151)] SuspendThread: Access is denied. (0x5)
[0413/110131.649:ERROR:exception_snapshot_win.cc(88)] thread ID 7460 not found in process
[0413/110131.649:WARNING:crash_report_exception_handler.cc(62)] ProcessSnapshotWin::Initialize failed
[0413/110131.649:ERROR:scoped_process_suspend.cc(40)] NtResumeProcess: An attempt was made to access an exiting process. (0xc000010a)
[0413/195507.439:ERROR:process_info.cc(329)] VirtualQueryEx: Access is denied. (0x5)
[0413/195507.440:ERROR:process_info.cc(550)] ReadMemoryInfo failed
[0413/195507.446:ERROR:process_reader_win.cc(151)] SuspendThread: Access is denied. (0x5)
[0413/195507.446:ERROR:exception_snapshot_win.cc(88)] thread ID 9128 not found in process
[0413/195507.446:WARNING:crash_report_exception_handler.cc(62)] ProcessSnapshotWin::Initialize failed
[0413/195507.446:ERROR:scoped_process_suspend.cc(40)] NtResumeProcess: An attempt was made to access an exiting process. (0xc000010a)
[0528/110603.476:ERROR:process_info.cc(359)] UncheckedAllocate
[0529/133326.375:ERROR:process_info.cc(359)] UncheckedAllocate
[0620/113007.425:ERROR:process_info.cc(359)] UncheckedAllocate
[0620/122637.760:ERROR:process_info.cc(359)] UncheckedAllocate
[0710/185345.290:ERROR:process_info.cc(359)] UncheckedAllocate
